{"name": "Проверка соответсвия вопрос - ответ", "status": "broken", "statusDetails": {"message": "selenium.common.exceptions.ElementClickInterceptedException: Message: element click intercepted: Element <div data-accordion-component=\"AccordionItemPanel\" class=\"accordion__panel\" role=\"region\" aria-labelledby=\"accordion__heading-7\" id=\"accordion__panel-7\">...</div> is not clickable at point (1380, 750). Other element would receive the click: <div class=\"App_CookieConsent__1yUIN\" style=\"align-items: baseline; background: rgb(53, 53, 53); color: white; display: flex; flex-wrap: wrap; justify-content: space-between; left: 0px; position: fixed; width: 100%; z-index: 999; bottom: 0px;\">...</div>\n  (Session info: chrome=126.0.6478.127)\nStacktrace:\n\tGetHandleVerifier [0x00007FF6C2BA1F52+60322]\n\t(No symbol) [0x00007FF6C2B1CEC9]\n\t(No symbol) [0x00007FF6C29D7EBA]\n\t(No symbol) [0x00007FF6C2A2F32E]\n\t(No symbol) [0x00007FF6C2A2CCF2]\n\t(No symbol) [0x00007FF6C2A2A18B]\n\t(No symbol) [0x00007FF6C2A29356]\n\t(No symbol) [0x00007FF6C2A1B491]\n\t(No symbol) [0x00007FF6C2A4C21A]\n\t(No symbol) [0x00007FF6C2A1ADB6]\n\t(No symbol) [0x00007FF6C2A4C430]\n\t(No symbol) [0x00007FF6C2A6BC80]\n\t(No symbol) [0x00007FF6C2A4BFC3]\n\t(No symbol) [0x00007FF6C2A19617]\n\t(No symbol) [0x00007FF6C2A1A211]\n\tGetHandleVerifier [0x00007FF6C2EB94AD+3301629]\n\tGetHandleVerifier [0x00007FF6C2F036D3+3605283]\n\tGetHandleVerifier [0x00007FF6C2EF9450+3563680]\n\tGetHandleVerifier [0x00007FF6C2C54326+790390]\n\t(No symbol) [0x00007FF6C2B2750F]\n\t(No symbol) [0x00007FF6C2B23404]\n\t(No symbol) [0x00007FF6C2B23592]\n\t(No symbol) [0x00007FF6C2B12F9F]\n\tBaseThreadInitThunk [0x00007FFE6F3C7374+20]\n\tRtlUserThreadStart [0x00007FFE7097CC91+33]", "trace": "self = <tests.test_question_page.TestPageQuestion object at 0x04594208>, driver = <selenium.webdriver.chrome.webdriver.WebDriver (session=\"eb2b8a807293ac3d819718e0cccee880\")>, question = 'Я жизу за МКАДом, привезёте?'\nanswer = 'Да, обязательно. Всем самокатов! И Москве, и Московской области.', id = 7\n\n    @allure.title('Проверка соответсвия вопрос - ответ')\n    @pytest.mark.parametrize(\n        'question, answer, id',\n        [\n            ['Сколько это стоит? И как оплатить?', 'Сутки — 400 рублей. Оплата курьеру — наличными или картой.', 0],\n            ['Хочу сразу несколько самокатов! Так можно?',\n             'Пока что у нас так: один заказ — один самокат. Если хотите покататься с друзьями, можете просто сделать несколько заказов — один за другим.',\n             1],\n            ['Как рассчитывается время аренды?',\n             'Допустим, вы оформляете заказ на 8 мая. Мы привозим самокат 8 мая в течение дня. Отсчёт времени аренды начинается с момента, когда вы оплатите заказ курьеру. Если мы привезли самокат 8 мая в 20:30, суточная аренда закончится 9 мая в 20:30.',\n             2],\n            ['Можно ли заказать самокат прямо на сегодня?',\n             'Только начиная с завтрашнего дня. Но скоро станем расторопнее.', 3],\n            ['Можно ли продлить заказ или вернуть самокат раньше?',\n             'Пока что нет! Но если что-то срочное — всегда можно позвонить в поддержку по красивому номеру 1010.', 4],\n            ['Вы привозите зарядку вместе с самокатом?',\n             'Самокат приезжает к вам с полной зарядкой. Этого хватает на восемь суток — даже если будете кататься без передышек и во сне. Зарядка не понадобится.',\n             5],\n            ['Можно ли отменить заказ?',\n             'Да, пока самокат не привезли. Штрафа не будет, объяснительной записки тоже не попросим. Все же свои.', 6],\n            ['Я жизу за МКАДом, привезёте?', 'Да, обязательно. Всем самокатов! И Москве, и Московской области.', 7]\n        ]\n    )\n    def test_answer_to_question(self, driver, question, answer, id):\n        main_page = PageQuestions(driver)\n        main_page.go_to_site()\n>       assert question == main_page.find_question(id) \\\n               and answer == main_page.find_answer(id)\n\ntests\\test_question_page.py:34: \n_ _ _ _ _ _ _ _ _ _ _ _ _ _ _ _ _ _ _ _ _ _ _ _ _ _ _ _ _ _ _ _ _ _ _ _ _ _ _ _ _ _ _ _ _ _ _ _ _ _ _ _ _ _ _ _ _ _ _ _ _ _ _ _ _ _ _ _ _ _ _ _ _ _ _ _ _ _ _ _ _ _ _ _ _ _ _ _ _ _ _ _ _ _ _ _ _ _ _ _ _ _ _ _ _ _ _ _ _ _ _ _ _ _ _ _\npages\\questions_page.py:25: in find_answer\n    self.click_element(answer)\npages\\base_page.py:32: in click_element\n    self.driver.find_element(*locator).click()\n..\\..\\AppData\\Roaming\\Python\\Python39\\site-packages\\selenium\\webdriver\\remote\\webelement.py:94: in click\n    self._execute(Command.CLICK_ELEMENT)\n..\\..\\AppData\\Roaming\\Python\\Python39\\site-packages\\selenium\\webdriver\\remote\\webelement.py:395: in _execute\n    return self._parent.execute(command, params)\n..\\..\\AppData\\Roaming\\Python\\Python39\\site-packages\\selenium\\webdriver\\remote\\webdriver.py:346: in execute\n    self.error_handler.check_response(response)\n_ _ _ _ _ _ _ _ _ _ _ _ _ _ _ _ _ _ _ _ _ _ _ _ _ _ _ _ _ _ _ _ _ _ _ _ _ _ _ _ _ _ _ _ _ _ _ _ _ _ _ _ _ _ _ _ _ _ _ _ _ _ _ _ _ _ _ _ _ _ _ _ _ _ _ _ _ _ _ _ _ _ _ _ _ _ _ _ _ _ _ _ _ _ _ _ _ _ _ _ _ _ _ _ _ _ _ _ _ _ _ _ _ _ _ _\n\nself = <selenium.webdriver.remote.errorhandler.ErrorHandler object at 0x0486A388>\nresponse = {'status': 400, 'value': '{\"value\":{\"error\":\"element click intercepted\",\"message\":\"element click intercepted: Element ...07FF6C2B12F9F]\\\\n\\\\tBaseThreadInitThunk [0x00007FFE6F3C7374+20]\\\\n\\\\tRtlUserThreadStart [0x00007FFE7097CC91+33]\\\\n\"}}'}\n\n    def check_response(self, response: Dict[str, Any]) -> None:\n        \"\"\"Checks that a JSON response from the WebDriver does not have an\n        error.\n    \n        :Args:\n         - response - The JSON response from the WebDriver server as a dictionary\n           object.\n    \n        :Raises: If the response contains an error message.\n        \"\"\"\n        status = response.get(\"status\", None)\n        if not status or status == ErrorCode.SUCCESS:\n            return\n        value = None\n        message = response.get(\"message\", \"\")\n        screen: str = response.get(\"screen\", \"\")\n        stacktrace = None\n        if isinstance(status, int):\n            value_json = response.get(\"value\", None)\n            if value_json and isinstance(value_json, str):\n                import json\n    \n                try:\n                    value = json.loads(value_json)\n                    if len(value) == 1:\n                        value = value[\"value\"]\n                    status = value.get(\"error\", None)\n                    if not status:\n                        status = value.get(\"status\", ErrorCode.UNKNOWN_ERROR)\n                        message = value.get(\"value\") or value.get(\"message\")\n                        if not isinstance(message, str):\n                            value = message\n                            message = message.get(\"message\")\n                    else:\n                        message = value.get(\"message\", None)\n                except ValueError:\n                    pass\n    \n        exception_class: Type[WebDriverException]\n        if status in ErrorCode.NO_SUCH_ELEMENT:\n            exception_class = NoSuchElementException\n        elif status in ErrorCode.NO_SUCH_FRAME:\n            exception_class = NoSuchFrameException\n        elif status in ErrorCode.NO_SUCH_SHADOW_ROOT:\n            exception_class = NoSuchShadowRootException\n        elif status in ErrorCode.NO_SUCH_WINDOW:\n            exception_class = NoSuchWindowException\n        elif status in ErrorCode.STALE_ELEMENT_REFERENCE:\n            exception_class = StaleElementReferenceException\n        elif status in ErrorCode.ELEMENT_NOT_VISIBLE:\n            exception_class = ElementNotVisibleException\n        elif status in ErrorCode.INVALID_ELEMENT_STATE:\n            exception_class = InvalidElementStateException\n        elif (\n            status in ErrorCode.INVALID_SELECTOR\n            or status in ErrorCode.INVALID_XPATH_SELECTOR\n            or status in ErrorCode.INVALID_XPATH_SELECTOR_RETURN_TYPER\n        ):\n            exception_class = InvalidSelectorException\n        elif status in ErrorCode.ELEMENT_IS_NOT_SELECTABLE:\n            exception_class = ElementNotSelectableException\n        elif status in ErrorCode.ELEMENT_NOT_INTERACTABLE:\n            exception_class = ElementNotInteractableException\n        elif status in ErrorCode.INVALID_COOKIE_DOMAIN:\n            exception_class = InvalidCookieDomainException\n        elif status in ErrorCode.UNABLE_TO_SET_COOKIE:\n            exception_class = UnableToSetCookieException\n        elif status in ErrorCode.TIMEOUT:\n            exception_class = TimeoutException\n        elif status in ErrorCode.SCRIPT_TIMEOUT:\n            exception_class = TimeoutException\n        elif status in ErrorCode.UNKNOWN_ERROR:\n            exception_class = WebDriverException\n        elif status in ErrorCode.UNEXPECTED_ALERT_OPEN:\n            exception_class = UnexpectedAlertPresentException\n        elif status in ErrorCode.NO_ALERT_OPEN:\n            exception_class = NoAlertPresentException\n        elif status in ErrorCode.IME_NOT_AVAILABLE:\n            exception_class = ImeNotAvailableException\n        elif status in ErrorCode.IME_ENGINE_ACTIVATION_FAILED:\n            exception_class = ImeActivationFailedException\n        elif status in ErrorCode.MOVE_TARGET_OUT_OF_BOUNDS:\n            exception_class = MoveTargetOutOfBoundsException\n        elif status in ErrorCode.JAVASCRIPT_ERROR:\n            exception_class = JavascriptException\n        elif status in ErrorCode.SESSION_NOT_CREATED:\n            exception_class = SessionNotCreatedException\n        elif status in ErrorCode.INVALID_ARGUMENT:\n            exception_class = InvalidArgumentException\n        elif status in ErrorCode.NO_SUCH_COOKIE:\n            exception_class = NoSuchCookieException\n        elif status in ErrorCode.UNABLE_TO_CAPTURE_SCREEN:\n            exception_class = ScreenshotException\n        elif status in ErrorCode.ELEMENT_CLICK_INTERCEPTED:\n            exception_class = ElementClickInterceptedException\n        elif status in ErrorCode.INSECURE_CERTIFICATE:\n            exception_class = InsecureCertificateException\n        elif status in ErrorCode.INVALID_COORDINATES:\n            exception_class = InvalidCoordinatesException\n        elif status in ErrorCode.INVALID_SESSION_ID:\n            exception_class = InvalidSessionIdException\n        elif status in ErrorCode.UNKNOWN_METHOD:\n            exception_class = UnknownMethodException\n        else:\n            exception_class = WebDriverException\n        if not value:\n            value = response[\"value\"]\n        if isinstance(value, str):\n            raise exception_class(value)\n        if message == \"\" and \"message\" in value:\n            message = value[\"message\"]\n    \n        screen = None  # type: ignore[assignment]\n        if \"screen\" in value:\n            screen = value[\"screen\"]\n    \n        stacktrace = None\n        st_value = value.get(\"stackTrace\") or value.get(\"stacktrace\")\n        if st_value:\n            if isinstance(st_value, str):\n                stacktrace = st_value.split(\"\\n\")\n            else:\n                stacktrace = []\n                try:\n                    for frame in st_value:\n                        line = frame.get(\"lineNumber\", \"\")\n                        file = frame.get(\"fileName\", \"<anonymous>\")\n                        if line:\n                            file = f\"{file}:{line}\"\n                        meth = frame.get(\"methodName\", \"<anonymous>\")\n                        if \"className\" in frame:\n                            meth = f\"{frame['className']}.{meth}\"\n                        msg = \"    at %s (%s)\"\n                        msg = msg % (meth, file)\n                        stacktrace.append(msg)\n                except TypeError:\n                    pass\n        if exception_class == UnexpectedAlertPresentException:\n            alert_text = None\n            if \"data\" in value:\n                alert_text = value[\"data\"].get(\"text\")\n            elif \"alert\" in value:\n                alert_text = value[\"alert\"].get(\"text\")\n            raise exception_class(message, screen, stacktrace, alert_text)  # type: ignore[call-arg]  # mypy is not smart enough here\n>       raise exception_class(message, screen, stacktrace)\nE       selenium.common.exceptions.ElementClickInterceptedException: Message: element click intercepted: Element <div data-accordion-component=\"AccordionItemPanel\" class=\"accordion__panel\" role=\"region\" aria-labelledby=\"accordion__heading-7\" id=\"accordion__panel-7\">...</div> is not clickable at point (1380, 750). Other element would receive the click: <div class=\"App_CookieConsent__1yUIN\" style=\"align-items: baseline; background: rgb(53, 53, 53); color: white; display: flex; flex-wrap: wrap; justify-content: space-between; left: 0px; position: fixed; width: 100%; z-index: 999; bottom: 0px;\">...</div>\nE         (Session info: chrome=126.0.6478.127)\nE       Stacktrace:\nE       \tGetHandleVerifier [0x00007FF6C2BA1F52+60322]\nE       \t(No symbol) [0x00007FF6C2B1CEC9]\nE       \t(No symbol) [0x00007FF6C29D7EBA]\nE       \t(No symbol) [0x00007FF6C2A2F32E]\nE       \t(No symbol) [0x00007FF6C2A2CCF2]\nE       \t(No symbol) [0x00007FF6C2A2A18B]\nE       \t(No symbol) [0x00007FF6C2A29356]\nE       \t(No symbol) [0x00007FF6C2A1B491]\nE       \t(No symbol) [0x00007FF6C2A4C21A]\nE       \t(No symbol) [0x00007FF6C2A1ADB6]\nE       \t(No symbol) [0x00007FF6C2A4C430]\nE       \t(No symbol) [0x00007FF6C2A6BC80]\nE       \t(No symbol) [0x00007FF6C2A4BFC3]\nE       \t(No symbol) [0x00007FF6C2A19617]\nE       \t(No symbol) [0x00007FF6C2A1A211]\nE       \tGetHandleVerifier [0x00007FF6C2EB94AD+3301629]\nE       \tGetHandleVerifier [0x00007FF6C2F036D3+3605283]\nE       \tGetHandleVerifier [0x00007FF6C2EF9450+3563680]\nE       \tGetHandleVerifier [0x00007FF6C2C54326+790390]\nE       \t(No symbol) [0x00007FF6C2B2750F]\nE       \t(No symbol) [0x00007FF6C2B23404]\nE       \t(No symbol) [0x00007FF6C2B23592]\nE       \t(No symbol) [0x00007FF6C2B12F9F]\nE       \tBaseThreadInitThunk [0x00007FFE6F3C7374+20]\nE       \tRtlUserThreadStart [0x00007FFE7097CC91+33]\n\n..\\..\\AppData\\Roaming\\Python\\Python39\\site-packages\\selenium\\webdriver\\remote\\errorhandler.py:245: ElementClickInterceptedException"}, "steps": [{"name": "Открываем основную страницу сайта", "status": "passed", "start": 1735066420737, "stop": 1735066422391}, {"name": "Ищем вопрос", "status": "passed", "steps": [{"name": "Принимаем куки", "status": "passed", "start": 1735066422391, "stop": 1735066422416}, {"name": "Ожидаем отображение элемента", "status": "passed", "parameters": [{"name": "locator", "value": "('class name', 'Home_SubHeader__zwi_E')"}, {"name": "time", "value": "10"}], "start": 1735066422416, "stop": 1735066422425}, {"name": "Скролим сайт до конца", "status": "passed", "start": 1735066422425, "stop": 1735066422429}, {"name": "Кликаем по элементу ('id', 'accordion__heading-7')", "status": "passed", "parameters": [{"name": "locator", "value": "('id', 'accordion__heading-7')"}], "start": 1735066422429, "stop": 1735066422474}, {"name": "Находим значение ('id', 'accordion__heading-7')", "status": "passed", "parameters": [{"name": "locator", "value": "('id', 'accordion__heading-7')"}], "start": 1735066422474, "stop": 1735066422490}], "parameters": [{"name": "id", "value": "7"}], "start": 1735066422391, "stop": 1735066422490}, {"name": "Ищем ответ", "status": "broken", "statusDetails": {"message": "selenium.common.exceptions.ElementClickInterceptedException: Message: element click intercepted: Element <div data-accordion-component=\"AccordionItemPanel\" class=\"accordion__panel\" role=\"region\" aria-labelledby=\"accordion__heading-7\" id=\"accordion__panel-7\">...</div> is not clickable at point (1380, 750). Other element would receive the click: <div class=\"App_CookieConsent__1yUIN\" style=\"align-items: baseline; background: rgb(53, 53, 53); color: white; display: flex; flex-wrap: wrap; justify-content: space-between; left: 0px; position: fixed; width: 100%; z-index: 999; bottom: 0px;\">...</div>\n  (Session info: chrome=126.0.6478.127)\nStacktrace:\n\tGetHandleVerifier [0x00007FF6C2BA1F52+60322]\n\t(No symbol) [0x00007FF6C2B1CEC9]\n\t(No symbol) [0x00007FF6C29D7EBA]\n\t(No symbol) [0x00007FF6C2A2F32E]\n\t(No symbol) [0x00007FF6C2A2CCF2]\n\t(No symbol) [0x00007FF6C2A2A18B]\n\t(No symbol) [0x00007FF6C2A29356]\n\t(No symbol) [0x00007FF6C2A1B491]\n\t(No symbol) [0x00007FF6C2A4C21A]\n\t(No symbol) [0x00007FF6C2A1ADB6]\n\t(No symbol) [0x00007FF6C2A4C430]\n\t(No symbol) [0x00007FF6C2A6BC80]\n\t(No symbol) [0x00007FF6C2A4BFC3]\n\t(No symbol) [0x00007FF6C2A19617]\n\t(No symbol) [0x00007FF6C2A1A211]\n\tGetHandleVerifier [0x00007FF6C2EB94AD+3301629]\n\tGetHandleVerifier [0x00007FF6C2F036D3+3605283]\n\tGetHandleVerifier [0x00007FF6C2EF9450+3563680]\n\tGetHandleVerifier [0x00007FF6C2C54326+790390]\n\t(No symbol) [0x00007FF6C2B2750F]\n\t(No symbol) [0x00007FF6C2B23404]\n\t(No symbol) [0x00007FF6C2B23592]\n\t(No symbol) [0x00007FF6C2B12F9F]\n\tBaseThreadInitThunk [0x00007FFE6F3C7374+20]\n\tRtlUserThreadStart [0x00007FFE7097CC91+33]\n\n", "trace": "  File \"e:\\users\\gorbunova_is\\python39\\lib\\site-packages\\allure_commons\\_allure.py\", line 192, in impl\n    return func(*a, **kw)\n  File \"E:\\users\\gorbunova_is\\PycharmProjects\\Sprint_6\\pages\\questions_page.py\", line 25, in find_answer\n    self.click_element(answer)\n  File \"e:\\users\\gorbunova_is\\python39\\lib\\site-packages\\allure_commons\\_allure.py\", line 192, in impl\n    return func(*a, **kw)\n  File \"E:\\users\\gorbunova_is\\PycharmProjects\\Sprint_6\\pages\\base_page.py\", line 32, in click_element\n    self.driver.find_element(*locator).click()\n  File \"e:\\users\\gorbunova_is\\AppData\\Roaming\\Python\\Python39\\site-packages\\selenium\\webdriver\\remote\\webelement.py\", line 94, in click\n    self._execute(Command.CLICK_ELEMENT)\n  File \"e:\\users\\gorbunova_is\\AppData\\Roaming\\Python\\Python39\\site-packages\\selenium\\webdriver\\remote\\webelement.py\", line 395, in _execute\n    return self._parent.execute(command, params)\n  File \"e:\\users\\gorbunova_is\\AppData\\Roaming\\Python\\Python39\\site-packages\\selenium\\webdriver\\remote\\webdriver.py\", line 346, in execute\n    self.error_handler.check_response(response)\n  File \"e:\\users\\gorbunova_is\\AppData\\Roaming\\Python\\Python39\\site-packages\\selenium\\webdriver\\remote\\errorhandler.py\", line 245, in check_response\n    raise exception_class(message, screen, stacktrace)\n"}, "steps": [{"name": "Кликаем по элементу ('id', 'accordion__panel-7')", "status": "broken", "statusDetails": {"message": "selenium.common.exceptions.ElementClickInterceptedException: Message: element click intercepted: Element <div data-accordion-component=\"AccordionItemPanel\" class=\"accordion__panel\" role=\"region\" aria-labelledby=\"accordion__heading-7\" id=\"accordion__panel-7\">...</div> is not clickable at point (1380, 750). Other element would receive the click: <div class=\"App_CookieConsent__1yUIN\" style=\"align-items: baseline; background: rgb(53, 53, 53); color: white; display: flex; flex-wrap: wrap; justify-content: space-between; left: 0px; position: fixed; width: 100%; z-index: 999; bottom: 0px;\">...</div>\n  (Session info: chrome=126.0.6478.127)\nStacktrace:\n\tGetHandleVerifier [0x00007FF6C2BA1F52+60322]\n\t(No symbol) [0x00007FF6C2B1CEC9]\n\t(No symbol) [0x00007FF6C29D7EBA]\n\t(No symbol) [0x00007FF6C2A2F32E]\n\t(No symbol) [0x00007FF6C2A2CCF2]\n\t(No symbol) [0x00007FF6C2A2A18B]\n\t(No symbol) [0x00007FF6C2A29356]\n\t(No symbol) [0x00007FF6C2A1B491]\n\t(No symbol) [0x00007FF6C2A4C21A]\n\t(No symbol) [0x00007FF6C2A1ADB6]\n\t(No symbol) [0x00007FF6C2A4C430]\n\t(No symbol) [0x00007FF6C2A6BC80]\n\t(No symbol) [0x00007FF6C2A4BFC3]\n\t(No symbol) [0x00007FF6C2A19617]\n\t(No symbol) [0x00007FF6C2A1A211]\n\tGetHandleVerifier [0x00007FF6C2EB94AD+3301629]\n\tGetHandleVerifier [0x00007FF6C2F036D3+3605283]\n\tGetHandleVerifier [0x00007FF6C2EF9450+3563680]\n\tGetHandleVerifier [0x00007FF6C2C54326+790390]\n\t(No symbol) [0x00007FF6C2B2750F]\n\t(No symbol) [0x00007FF6C2B23404]\n\t(No symbol) [0x00007FF6C2B23592]\n\t(No symbol) [0x00007FF6C2B12F9F]\n\tBaseThreadInitThunk [0x00007FFE6F3C7374+20]\n\tRtlUserThreadStart [0x00007FFE7097CC91+33]\n\n", "trace": "  File \"e:\\users\\gorbunova_is\\python39\\lib\\site-packages\\allure_commons\\_allure.py\", line 192, in impl\n    return func(*a, **kw)\n  File \"E:\\users\\gorbunova_is\\PycharmProjects\\Sprint_6\\pages\\base_page.py\", line 32, in click_element\n    self.driver.find_element(*locator).click()\n  File \"e:\\users\\gorbunova_is\\AppData\\Roaming\\Python\\Python39\\site-packages\\selenium\\webdriver\\remote\\webelement.py\", line 94, in click\n    self._execute(Command.CLICK_ELEMENT)\n  File \"e:\\users\\gorbunova_is\\AppData\\Roaming\\Python\\Python39\\site-packages\\selenium\\webdriver\\remote\\webelement.py\", line 395, in _execute\n    return self._parent.execute(command, params)\n  File \"e:\\users\\gorbunova_is\\AppData\\Roaming\\Python\\Python39\\site-packages\\selenium\\webdriver\\remote\\webdriver.py\", line 346, in execute\n    self.error_handler.check_response(response)\n  File \"e:\\users\\gorbunova_is\\AppData\\Roaming\\Python\\Python39\\site-packages\\selenium\\webdriver\\remote\\errorhandler.py\", line 245, in check_response\n    raise exception_class(message, screen, stacktrace)\n"}, "parameters": [{"name": "locator", "value": "('id', 'accordion__panel-7')"}], "start": 1735066422491, "stop": 1735066423541}], "parameters": [{"name": "id", "value": "7"}], "start": 1735066422491, "stop": 1735066423543}], "parameters": [{"name": "question", "value": "'Я жизу за МКАДом, привезёте?'"}, {"name": "answer", "value": "'Да, обязательно. Всем самокатов! И Москве, и Московской области.'"}, {"name": "id", "value": "7"}], "start": 1735066420737, "stop": 1735066423544, "uuid": "4024e91f-2dfc-4b11-b6c1-e03b254532f5", "historyId": "94cce7731f2570ee0233950aaf0d2cd3", "testCaseId": "f271b7cf9ec1b747eb4dc774da02ab46", "fullName": "tests.test_question_page.TestPageQuestion#test_answer_to_question", "labels": [{"name": "parentSuite", "value": "tests"}, {"name": "suite", "value": "test_question_page"}, {"name": "subSuite", "value": "TestPageQuestion"}, {"name": "host", "value": "n00office3834"}, {"name": "thread", "value": "55904-MainThread"}, {"name": "framework", "value": "pytest"}, {"name": "language", "value": "cpython3"}, {"name": "package", "value": "tests.test_question_page"}]}